Using pre-set license
Built from '2021.3/release' branch; Version is '2021.3.17f1 (3e8111cac19d) revision 4096273'; Using compiler version '192829333'; Build Type 'Release'
OS: 'Windows 10  (10.0.19044) 64bit Core' Language: 'es' Physical Memory: 16299 MB
BatchMode: 1, IsHumanControllingUs: 0, StartBugReporterOnCrash: 0, Is64bit: 1, IsPro: 1

COMMAND LINE ARGUMENTS:
C:\Program Files\Unity\Hub\Editor\2021.3.17f1\Editor\Unity.exe
-adb2
-batchMode
-noUpm
-name
AssetImportWorker4
-projectPath
C:/Users/Chantal/Desktop/ju/Juego2D/Juego2D
-logFile
Logs/AssetImportWorker4.log
-srvPort
56973
Successfully changed project path to: C:/Users/Chantal/Desktop/ju/Juego2D/Juego2D
C:/Users/Chantal/Desktop/ju/Juego2D/Juego2D
[UnityMemory] Configuration Parameters - Can be set up in boot.config
    "memorysetup-bucket-allocator-granularity=16"
    "memorysetup-bucket-allocator-bucket-count=8"
    "memorysetup-bucket-allocator-block-size=33554432"
    "memorysetup-bucket-allocator-block-count=8"
    "memorysetup-main-allocator-block-size=16777216"
    "memorysetup-thread-allocator-block-size=16777216"
    "memorysetup-gfx-main-allocator-block-size=16777216"
    "memorysetup-gfx-thread-allocator-block-size=16777216"
    "memorysetup-cache-allocator-block-size=4194304"
    "memorysetup-typetree-allocator-block-size=2097152"
    "memorysetup-profiler-bucket-allocator-granularity=16"
    "memorysetup-profiler-bucket-allocator-bucket-count=8"
    "memorysetup-profiler-bucket-allocator-block-size=33554432"
    "memorysetup-profiler-bucket-allocator-block-count=8"
    "memorysetup-profiler-allocator-block-size=16777216"
    "memorysetup-profiler-editor-allocator-block-size=1048576"
    "memorysetup-temp-allocator-size-main=16777216"
    "memorysetup-job-temp-allocator-block-size=2097152"
    "memorysetup-job-temp-allocator-block-size-background=1048576"
    "memorysetup-job-temp-allocator-reduction-small-platforms=262144"
    "memorysetup-temp-allocator-size-background-worker=32768"
    "memorysetup-temp-allocator-size-job-worker=262144"
    "memorysetup-temp-allocator-size-preload-manager=33554432"
    "memorysetup-temp-allocator-size-nav-mesh-worker=65536"
    "memorysetup-temp-allocator-size-audio-worker=65536"
    "memorysetup-temp-allocator-size-cloud-worker=32768"
    "memorysetup-temp-allocator-size-gi-baking-worker=262144"
    "memorysetup-temp-allocator-size-gfx=262144"
Player connection [24444] Host "[IP] 192.168.1.24 [Port] 0 [Flags] 2 [Guid] 3915948964 [EditorId] 3915948964 [Version] 1048832 [Id] WindowsEditor(7,DESKTOP-K4FJTOO) [Debug] 1 [PackageName] WindowsEditor [ProjectName] Editor" joined multi-casting on [225.0.0.222:54997]...

Player connection [24444] Host "[IP] 192.168.1.24 [Port] 0 [Flags] 2 [Guid] 3915948964 [EditorId] 3915948964 [Version] 1048832 [Id] WindowsEditor(7,DESKTOP-K4FJTOO) [Debug] 1 [PackageName] WindowsEditor [ProjectName] Editor" joined alternative multi-casting on [225.0.0.222:34997]...

Refreshing native plugins compatible for Editor in 218.63 ms, found 4 plugins.
Preloading 0 native plugins for Editor in 0.00 ms.
Initialize engine version: 2021.3.17f1 (3e8111cac19d)
[Subsystems] Discovering subsystems at path C:/Program Files/Unity/Hub/Editor/2021.3.17f1/Editor/Data/Resources/UnitySubsystems
[Subsystems] Discovering subsystems at path C:/Users/Chantal/Desktop/ju/Juego2D/Juego2D/Assets
GfxDevice: creating device client; threaded=0; jobified=0
Direct3D:
    Version:  Direct3D 11.0 [level 11.1]
    Renderer: AMD Radeon (TM) R5 M330 (ID=0x6660)
    Vendor:   ATI
    VRAM:     2039 MB
    Driver:   27.20.1034.6
Initialize mono
Mono path[0] = 'C:/Program Files/Unity/Hub/Editor/2021.3.17f1/Editor/Data/Managed'
Mono path[1] = 'C:/Program Files/Unity/Hub/Editor/2021.3.17f1/Editor/Data/MonoBleedingEdge/lib/mono/unityjit-win32'
Mono config path = 'C:/Program Files/Unity/Hub/Editor/2021.3.17f1/Editor/Data/MonoBleedingEdge/etc'
Using monoOptions --debugger-agent=transport=dt_socket,embedding=1,server=y,suspend=n,address=127.0.0.1:56668
Begin MonoManager ReloadAssembly
Registering precompiled unity dll's ...
Register platform support module: C:/Program Files/Unity/Hub/Editor/2021.3.17f1/Editor/Data/PlaybackEngines/AndroidPlayer/UnityEditor.Android.Extensions.dll
Register platform support module: C:/Program Files/Unity/Hub/Editor/2021.3.17f1/Editor/Data/PlaybackEngines/WindowsStandaloneSupport/UnityEditor.WindowsStandalone.Extensions.dll
Registered in 0.011833 seconds.
Native extension for WindowsStandalone target not found
Native extension for Android target not found
Android Extension - Scanning For ADB Devices 977 ms
Refreshing native plugins compatible for Editor in 383.35 ms, found 4 plugins.
Preloading 0 native plugins for Editor in 0.00 ms.
Mono: successfully reloaded assembly
- Completed reload, in  2.918 seconds
Domain Reload Profiling:
	ReloadAssembly (2919ms)
		BeginReloadAssembly (241ms)
			ExecutionOrderSort (0ms)
			DisableScriptedObjects (0ms)
			BackupInstance (0ms)
			ReleaseScriptingObjects (0ms)
			CreateAndSetChildDomain (1ms)
		EndReloadAssembly (2485ms)
			LoadAssemblies (238ms)
			RebuildTransferFunctionScriptingTraits (0ms)
			SetupTypeCache (443ms)
			ReleaseScriptCaches (0ms)
			RebuildScriptCaches (65ms)
			SetupLoadedEditorAssemblies (1838ms)
				LogAssemblyErrors (0ms)
				InitializePlatformSupportModulesInManaged (1183ms)
				SetLoadedEditorAssemblies (1ms)
				RefreshPlugins (383ms)
				BeforeProcessingInitializeOnLoad (3ms)
				ProcessInitializeOnLoadAttributes (199ms)
				ProcessInitializeOnLoadMethodAttributes (69ms)
				AfterProcessingInitializeOnLoad (0ms)
				EditorAssembliesLoaded (0ms)
			ExecutionOrderSort2 (0ms)
			AwakeInstancesAfterBackupRestoration (0ms)
Platform modules already initialized, skipping
Registering precompiled user dll's ...
Registered in 0.013277 seconds.
Begin MonoManager ReloadAssembly
Symbol file LoadedFromMemory doesn't match image C:\Users\Chantal\Desktop\ju\Juego2D\Juego2D\Library\PackageCache\com.unity.visualscripting@1.8.0\Editor\VisualScripting.Core\Dependencies\YamlDotNet\Unity.VisualScripting.YamlDotNet.dll
Symbol file LoadedFromMemory doesn't match image C:\Users\Chantal\Desktop\ju\Juego2D\Juego2D\Library\PackageCache\com.unity.visualscripting@1.8.0\Editor\VisualScripting.Core\Dependencies\DotNetZip\Unity.VisualScripting.IonicZip.dll
Native extension for WindowsStandalone target not found
Native extension for Android target not found
Refreshing native plugins compatible for Editor in 159.63 ms, found 4 plugins.
Preloading 0 native plugins for Editor in 0.00 ms.
Mono: successfully reloaded assembly
- Completed reload, in  2.430 seconds
Domain Reload Profiling:
	ReloadAssembly (2431ms)
		BeginReloadAssembly (239ms)
			ExecutionOrderSort (0ms)
			DisableScriptedObjects (9ms)
			BackupInstance (0ms)
			ReleaseScriptingObjects (0ms)
			CreateAndSetChildDomain (30ms)
		EndReloadAssembly (1772ms)
			LoadAssemblies (161ms)
			RebuildTransferFunctionScriptingTraits (0ms)
			SetupTypeCache (429ms)
			ReleaseScriptCaches (1ms)
			RebuildScriptCaches (128ms)
			SetupLoadedEditorAssemblies (963ms)
				LogAssemblyErrors (0ms)
				InitializePlatformSupportModulesInManaged (29ms)
				SetLoadedEditorAssemblies (0ms)
				RefreshPlugins (160ms)
				BeforeProcessingInitializeOnLoad (165ms)
				ProcessInitializeOnLoadAttributes (495ms)
				ProcessInitializeOnLoadMethodAttributes (96ms)
				AfterProcessingInitializeOnLoad (18ms)
				EditorAssembliesLoaded (0ms)
			ExecutionOrderSort2 (0ms)
			AwakeInstancesAfterBackupRestoration (13ms)
Platform modules already initialized, skipping
========================================================================
Worker process is ready to serve import requests
Launched and connected shader compiler UnityShaderCompiler.exe after 0.11 seconds
Refreshing native plugins compatible for Editor in 1.93 ms, found 4 plugins.
Preloading 0 native plugins for Editor in 0.00 ms.
Unloading 4232 Unused Serialized files (Serialized files now loaded: 0)
Unloading 51 unused Assets / (129.0 KB). Loaded Objects now: 4691.
Memory consumption went from 157.6 MB to 157.5 MB.
Total: 4.993300 ms (FindLiveObjects: 0.381000 ms CreateObjectMapping: 0.352400 ms MarkObjects: 4.134100 ms  DeleteObjects: 0.124100 ms)

AssetImportParameters requested are different than current active one (requested -> active):
  custom:video-decoder-ogg-theora: a1e56fd34408186e4bbccfd4996cb3dc -> 
  custom:container-muxer-webm: aa71ff27fc2769a1b78a27578f13a17b -> 
  custom:container-demuxer-webm: 4f35f7cbe854078d1ac9338744f61a02 -> 
  custom:video-encoder-webm-vp8: eb34c28f22e8b96e1ab97ce403110664 -> 
  custom:audio-encoder-webm-vorbis: bf7c407c2cedff20999df2af8eb42d56 -> 
  custom:framework-win-MediaFoundation: 216162199b28c13a410421893ffa2e32 -> 
  custom:container-demuxer-ogg: 62fdf1f143b41e24485cea50d1cbac27 -> 
  custom:video-decoder-webm-vp8: 9c59270c3fd7afecdb556c50c9e8de78 -> 
  custom:audio-decoder-ogg-vorbis: bf7c407c2cedff20999df2af8eb42d56 -> 
========================================================================
Received Import Request.
  Time since last request: 1711611.890990 seconds.
  path: Assets/Arya of Terror - FREE Haunted Jump Scares/_Bonus/2021_HSV1_Cave_of_Agony.wav
  artifactKey: Guid(6b6a169b2490d40389859303c0a834e4) Importer(815301076,1909f56bfc062723c751e8b465ee728b)
Start importing Assets/Arya of Terror - FREE Haunted Jump Scares/_Bonus/2021_HSV1_Cave_of_Agony.wav using Guid(6b6a169b2490d40389859303c0a834e4) Importer(815301076,1909f56bfc062723c751e8b465ee728b)  -> (artifact id: '122ab9d4630549aa9908d613efbfc9aa') in 0.176081 seconds 
========================================================================
Received Import Request.
  Time since last request: 277.899466 seconds.
  path: Assets/Gregor Quendel - Designed Series - Free Cinematic Sound Effects/Gregor Quendel - Designed Atmospheres - Free Sounds/Gregor Quendel - Designed Atmospheres - Harmonic - 008 - IV.wav
  artifactKey: Guid(da1cd5b6763fc4275ab6784cd05eb660) Importer(815301076,1909f56bfc062723c751e8b465ee728b)
Start importing Assets/Gregor Quendel - Designed Series - Free Cinematic Sound Effects/Gregor Quendel - Designed Atmospheres - Free Sounds/Gregor Quendel - Designed Atmospheres - Harmonic - 008 - IV.wav using Guid(da1cd5b6763fc4275ab6784cd05eb660) Importer(815301076,1909f56bfc062723c751e8b465ee728b)  -> (artifact id: '4b6c0f7af2d194a00bdd595bc83fab2a') in 0.075401 seconds 
========================================================================
Received Import Request.
  Time since last request: 0.000042 seconds.
  path: Assets/Gregor Quendel - Designed Series - Free Cinematic Sound Effects/Gregor Quendel - Designed Atmospheres - Free Sounds/Gregor Quendel - Designed Atmospheres - Sub - 003 - III.wav
  artifactKey: Guid(3bd870d9aef0f41dda092f6b7c5ead81) Importer(815301076,1909f56bfc062723c751e8b465ee728b)
Start importing Assets/Gregor Quendel - Designed Series - Free Cinematic Sound Effects/Gregor Quendel - Designed Atmospheres - Free Sounds/Gregor Quendel - Designed Atmospheres - Sub - 003 - III.wav using Guid(3bd870d9aef0f41dda092f6b7c5ead81) Importer(815301076,1909f56bfc062723c751e8b465ee728b)  -> (artifact id: 'f5ace5b154d4f1682911b029d36c5f64') in 0.036939 seconds 
========================================================================
Received Import Request.
  Time since last request: 0.000040 seconds.
  path: Assets/Gregor Quendel - Designed Series - Free Cinematic Sound Effects/Gregor Quendel - Designed Atmospheres - Free Sounds/Gregor Quendel - Designed Atmospheres - Harmonic - 018.wav
  artifactKey: Guid(68833d8bc05474e1d93203dc03c95271) Importer(815301076,1909f56bfc062723c751e8b465ee728b)
Start importing Assets/Gregor Quendel - Designed Series - Free Cinematic Sound Effects/Gregor Quendel - Designed Atmospheres - Free Sounds/Gregor Quendel - Designed Atmospheres - Harmonic - 018.wav using Guid(68833d8bc05474e1d93203dc03c95271) Importer(815301076,1909f56bfc062723c751e8b465ee728b)  -> (artifact id: 'c6d0ae4632804d2736dc98af9d36d72d') in 0.025796 seconds 
========================================================================
Received Import Request.
  Time since last request: 0.000049 seconds.
  path: Assets/Gregor Quendel - Designed Series - Free Cinematic Sound Effects/Gregor Quendel - Designed Atmospheres - Free Sounds/Gregor Quendel - Designed Atmospheres - Wind - 001 - II.wav
  artifactKey: Guid(2c44e3d0fcd644cdc8591e60112eb860) Importer(815301076,1909f56bfc062723c751e8b465ee728b)
Start importing Assets/Gregor Quendel - Designed Series - Free Cinematic Sound Effects/Gregor Quendel - Designed Atmospheres - Free Sounds/Gregor Quendel - Designed Atmospheres - Wind - 001 - II.wav using Guid(2c44e3d0fcd644cdc8591e60112eb860) Importer(815301076,1909f56bfc062723c751e8b465ee728b)  -> (artifact id: '9614a1482a1ab862e2d60c37edd8a286') in 0.017959 seconds 
========================================================================
Received Import Request.
  Time since last request: 1.776569 seconds.
  path: Assets/Gregor Quendel - Designed Series - Free Cinematic Sound Effects/Gregor Quendel - Designed Circuits - Free Sounds/Gregor Quendel - Designed Circuits - Ambience Burst 01.wav
  artifactKey: Guid(411e72d9c3f2c4e3ea550f8d41597fda) Importer(815301076,1909f56bfc062723c751e8b465ee728b)
Start importing Assets/Gregor Quendel - Designed Series - Free Cinematic Sound Effects/Gregor Quendel - Designed Circuits - Free Sounds/Gregor Quendel - Designed Circuits - Ambience Burst 01.wav using Guid(411e72d9c3f2c4e3ea550f8d41597fda) Importer(815301076,1909f56bfc062723c751e8b465ee728b)  -> (artifact id: '210945831fb7205adb687326deacb0bd') in 0.022401 seconds 
========================================================================
Received Import Request.
  Time since last request: 0.000069 seconds.
  path: Assets/Gregor Quendel - Designed Series - Free Cinematic Sound Effects/Gregor Quendel - Designed Circuits - Free Sounds/Gregor Quendel - Designed Circuits - Interference 18.wav
  artifactKey: Guid(066bc4b060b5c4a23884ca5bc3a418ba) Importer(815301076,1909f56bfc062723c751e8b465ee728b)
Start importing Assets/Gregor Quendel - Designed Series - Free Cinematic Sound Effects/Gregor Quendel - Designed Circuits - Free Sounds/Gregor Quendel - Designed Circuits - Interference 18.wav using Guid(066bc4b060b5c4a23884ca5bc3a418ba) Importer(815301076,1909f56bfc062723c751e8b465ee728b)  -> (artifact id: '193a6475f4c618f4baf87087766a8c40') in 0.067056 seconds 
========================================================================
Received Import Request.
  Time since last request: 0.576970 seconds.
  path: Assets/Gregor Quendel - Designed Series - Free Cinematic Sound Effects/Gregor Quendel - Designed Fire - Free Sounds/Gregor Quendel - Designed Fire - Impacts - Complex 04.wav
  artifactKey: Guid(1f4b60439e6b2497781f487dfdfc4eb8) Importer(815301076,1909f56bfc062723c751e8b465ee728b)
Start importing Assets/Gregor Quendel - Designed Series - Free Cinematic Sound Effects/Gregor Quendel - Designed Fire - Free Sounds/Gregor Quendel - Designed Fire - Impacts - Complex 04.wav using Guid(1f4b60439e6b2497781f487dfdfc4eb8) Importer(815301076,1909f56bfc062723c751e8b465ee728b)  -> (artifact id: '1cc19d2d63a79282b494bef04527db03') in 0.026390 seconds 
========================================================================
Received Import Request.
  Time since last request: 0.000034 seconds.
  path: Assets/Gregor Quendel - Designed Series - Free Cinematic Sound Effects/Gregor Quendel - Designed Fire - Free Sounds/Gregor Quendel - Designed Fire - Swooshes - Burst Evolving 19.wav
  artifactKey: Guid(38bc79ba3351e40d28224046aaa67990) Importer(815301076,1909f56bfc062723c751e8b465ee728b)
Start importing Assets/Gregor Quendel - Designed Series - Free Cinematic Sound Effects/Gregor Quendel - Designed Fire - Free Sounds/Gregor Quendel - Designed Fire - Swooshes - Burst Evolving 19.wav using Guid(38bc79ba3351e40d28224046aaa67990) Importer(815301076,1909f56bfc062723c751e8b465ee728b)  -> (artifact id: '981243ebd4423aa4e0b4c5748303566e') in 0.023316 seconds 
========================================================================
Received Import Request.
  Time since last request: 9.963556 seconds.
  path: Assets/Gregor Quendel - Designed Series - Free Cinematic Sound Effects/Gregor Quendel - Designed Rocks - Free Sounds/Gregor Quendel - Designed Rocks - Elements 09.wav
  artifactKey: Guid(11c68d2f48b7a428d94a8c77abdba3cd) Importer(815301076,1909f56bfc062723c751e8b465ee728b)
Start importing Assets/Gregor Quendel - Designed Series - Free Cinematic Sound Effects/Gregor Quendel - Designed Rocks - Free Sounds/Gregor Quendel - Designed Rocks - Elements 09.wav using Guid(11c68d2f48b7a428d94a8c77abdba3cd) Importer(815301076,1909f56bfc062723c751e8b465ee728b)  -> (artifact id: '0e947af437cef55abe54fc6435ebdeb1') in 0.030804 seconds 
========================================================================
Received Import Request.
  Time since last request: 1.730170 seconds.
  path: Assets/Gregor Quendel - Designed Series - Free Cinematic Sound Effects/Gregor Quendel - Designed Plastic - Free Sounds/Gregor Quendel - Designed Plastic - Elements - Creaking 04.wav
  artifactKey: Guid(ff08431f71af949958fdfef85bfce685) Importer(815301076,1909f56bfc062723c751e8b465ee728b)
Start importing Assets/Gregor Quendel - Designed Series - Free Cinematic Sound Effects/Gregor Quendel - Designed Plastic - Free Sounds/Gregor Quendel - Designed Plastic - Elements - Creaking 04.wav using Guid(ff08431f71af949958fdfef85bfce685) Importer(815301076,1909f56bfc062723c751e8b465ee728b)  -> (artifact id: '74aa69b77a76b0c6128df46f5083e1ab') in 0.035972 seconds 
========================================================================
Received Import Request.
  Time since last request: 1.004454 seconds.
  path: Assets/Gregor Quendel - Designed Series - Free Cinematic Sound Effects/Gregor Quendel - Designed Mecha - Free Sounds/Gregor Quendel - Designed Mecha - Elements - Impact 01.wav
  artifactKey: Guid(5cee82438d9d94c04a46c94ddcb45835) Importer(815301076,1909f56bfc062723c751e8b465ee728b)
Start importing Assets/Gregor Quendel - Designed Series - Free Cinematic Sound Effects/Gregor Quendel - Designed Mecha - Free Sounds/Gregor Quendel - Designed Mecha - Elements - Impact 01.wav using Guid(5cee82438d9d94c04a46c94ddcb45835) Importer(815301076,1909f56bfc062723c751e8b465ee728b)  -> (artifact id: '04055e11cd7cdf0f73225395914ad6e5') in 0.020529 seconds 
========================================================================
Received Import Request.
  Time since last request: 0.000059 seconds.
  path: Assets/Gregor Quendel - Designed Series - Free Cinematic Sound Effects/Gregor Quendel - Designed Mecha - Free Sounds/Gregor Quendel - Designed Mecha - Sequences - Mechanisms 01.wav
  artifactKey: Guid(9217aa61e0e484582aebab8aeac84ebc) Importer(815301076,1909f56bfc062723c751e8b465ee728b)
Start importing Assets/Gregor Quendel - Designed Series - Free Cinematic Sound Effects/Gregor Quendel - Designed Mecha - Free Sounds/Gregor Quendel - Designed Mecha - Sequences - Mechanisms 01.wav using Guid(9217aa61e0e484582aebab8aeac84ebc) Importer(815301076,1909f56bfc062723c751e8b465ee728b)  -> (artifact id: '7568fd1c4b682011f002c430f3174ecd') in 0.020194 seconds 
========================================================================
Received Import Request.
  Time since last request: 2.070965 seconds.
  path: Assets/Gregor Quendel - Designed Series - Free Cinematic Sound Effects/Gregor Quendel - Designed Ice - Free Sounds/Gregor Quendel - Designed Ice - Sequences 01.wav
  artifactKey: Guid(c5a43a0c916c84edab3b9e88b9caac38) Importer(815301076,1909f56bfc062723c751e8b465ee728b)
Start importing Assets/Gregor Quendel - Designed Series - Free Cinematic Sound Effects/Gregor Quendel - Designed Ice - Free Sounds/Gregor Quendel - Designed Ice - Sequences 01.wav using Guid(c5a43a0c916c84edab3b9e88b9caac38) Importer(815301076,1909f56bfc062723c751e8b465ee728b)  -> (artifact id: '6540403fc7e132891fe566bb0c73eef2') in 0.023152 seconds 
Editor requested this worker to shutdown with reason: Scaling down because of idle timeout
AssetImportWorker is now disconnected from the server
Process exiting
Exiting without the bug reporter. Application will terminate with return code 0