Using pre-set license
Built from '2021.3/release' branch; Version is '2021.3.17f1 (3e8111cac19d) revision 4096273'; Using compiler version '192829333'; Build Type 'Release'
OS: 'Windows 10  (10.0.19044) 64bit Core' Language: 'es' Physical Memory: 16299 MB
BatchMode: 1, IsHumanControllingUs: 0, StartBugReporterOnCrash: 0, Is64bit: 1, IsPro: 1

COMMAND LINE ARGUMENTS:
C:\Program Files\Unity\Hub\Editor\2021.3.17f1\Editor\Unity.exe
-adb2
-batchMode
-noUpm
-name
AssetImportWorker6
-projectPath
C:/Users/Chantal/Desktop/ju/Juego2D/Juego2D
-logFile
Logs/AssetImportWorker6.log
-srvPort
56973
Successfully changed project path to: C:/Users/Chantal/Desktop/ju/Juego2D/Juego2D
C:/Users/Chantal/Desktop/ju/Juego2D/Juego2D
[UnityMemory] Configuration Parameters - Can be set up in boot.config
    "memorysetup-bucket-allocator-granularity=16"
    "memorysetup-bucket-allocator-bucket-count=8"
    "memorysetup-bucket-allocator-block-size=33554432"
    "memorysetup-bucket-allocator-block-count=8"
    "memorysetup-main-allocator-block-size=16777216"
    "memorysetup-thread-allocator-block-size=16777216"
    "memorysetup-gfx-main-allocator-block-size=16777216"
    "memorysetup-gfx-thread-allocator-block-size=16777216"
    "memorysetup-cache-allocator-block-size=4194304"
    "memorysetup-typetree-allocator-block-size=2097152"
    "memorysetup-profiler-bucket-allocator-granularity=16"
    "memorysetup-profiler-bucket-allocator-bucket-count=8"
    "memorysetup-profiler-bucket-allocator-block-size=33554432"
    "memorysetup-profiler-bucket-allocator-block-count=8"
    "memorysetup-profiler-allocator-block-size=16777216"
    "memorysetup-profiler-editor-allocator-block-size=1048576"
    "memorysetup-temp-allocator-size-main=16777216"
    "memorysetup-job-temp-allocator-block-size=2097152"
    "memorysetup-job-temp-allocator-block-size-background=1048576"
    "memorysetup-job-temp-allocator-reduction-small-platforms=262144"
    "memorysetup-temp-allocator-size-background-worker=32768"
    "memorysetup-temp-allocator-size-job-worker=262144"
    "memorysetup-temp-allocator-size-preload-manager=33554432"
    "memorysetup-temp-allocator-size-nav-mesh-worker=65536"
    "memorysetup-temp-allocator-size-audio-worker=65536"
    "memorysetup-temp-allocator-size-cloud-worker=32768"
    "memorysetup-temp-allocator-size-gi-baking-worker=262144"
    "memorysetup-temp-allocator-size-gfx=262144"
Player connection [11416] Host "[IP] 192.168.1.24 [Port] 0 [Flags] 2 [Guid] 4247190836 [EditorId] 4247190836 [Version] 1048832 [Id] WindowsEditor(7,DESKTOP-K4FJTOO) [Debug] 1 [PackageName] WindowsEditor [ProjectName] Editor" joined multi-casting on [225.0.0.222:54997]...

Player connection [11416] Host "[IP] 192.168.1.24 [Port] 0 [Flags] 2 [Guid] 4247190836 [EditorId] 4247190836 [Version] 1048832 [Id] WindowsEditor(7,DESKTOP-K4FJTOO) [Debug] 1 [PackageName] WindowsEditor [ProjectName] Editor" joined alternative multi-casting on [225.0.0.222:34997]...

Refreshing native plugins compatible for Editor in 130.90 ms, found 4 plugins.
Preloading 0 native plugins for Editor in 0.00 ms.
Initialize engine version: 2021.3.17f1 (3e8111cac19d)
[Subsystems] Discovering subsystems at path C:/Program Files/Unity/Hub/Editor/2021.3.17f1/Editor/Data/Resources/UnitySubsystems
[Subsystems] Discovering subsystems at path C:/Users/Chantal/Desktop/ju/Juego2D/Juego2D/Assets
GfxDevice: creating device client; threaded=0; jobified=0
Direct3D:
    Version:  Direct3D 11.0 [level 11.1]
    Renderer: AMD Radeon (TM) R5 M330 (ID=0x6660)
    Vendor:   ATI
    VRAM:     2039 MB
    Driver:   27.20.1034.6
Initialize mono
Mono path[0] = 'C:/Program Files/Unity/Hub/Editor/2021.3.17f1/Editor/Data/Managed'
Mono path[1] = 'C:/Program Files/Unity/Hub/Editor/2021.3.17f1/Editor/Data/MonoBleedingEdge/lib/mono/unityjit-win32'
Mono config path = 'C:/Program Files/Unity/Hub/Editor/2021.3.17f1/Editor/Data/MonoBleedingEdge/etc'
Using monoOptions --debugger-agent=transport=dt_socket,embedding=1,server=y,suspend=n,address=127.0.0.1:56560
Begin MonoManager ReloadAssembly
Registering precompiled unity dll's ...
Register platform support module: C:/Program Files/Unity/Hub/Editor/2021.3.17f1/Editor/Data/PlaybackEngines/AndroidPlayer/UnityEditor.Android.Extensions.dll
Register platform support module: C:/Program Files/Unity/Hub/Editor/2021.3.17f1/Editor/Data/PlaybackEngines/WindowsStandaloneSupport/UnityEditor.WindowsStandalone.Extensions.dll
Registered in 0.010425 seconds.
Native extension for WindowsStandalone target not found
Native extension for Android target not found
Android Extension - Scanning For ADB Devices 402 ms
Refreshing native plugins compatible for Editor in 181.87 ms, found 4 plugins.
Preloading 0 native plugins for Editor in 0.00 ms.
Mono: successfully reloaded assembly
- Completed reload, in  1.406 seconds
Domain Reload Profiling:
	ReloadAssembly (1407ms)
		BeginReloadAssembly (103ms)
			ExecutionOrderSort (0ms)
			DisableScriptedObjects (0ms)
			BackupInstance (0ms)
			ReleaseScriptingObjects (0ms)
			CreateAndSetChildDomain (1ms)
		EndReloadAssembly (1148ms)
			LoadAssemblies (101ms)
			RebuildTransferFunctionScriptingTraits (0ms)
			SetupTypeCache (151ms)
			ReleaseScriptCaches (0ms)
			RebuildScriptCaches (40ms)
			SetupLoadedEditorAssemblies (891ms)
				LogAssemblyErrors (0ms)
				InitializePlatformSupportModulesInManaged (528ms)
				SetLoadedEditorAssemblies (0ms)
				RefreshPlugins (182ms)
				BeforeProcessingInitializeOnLoad (2ms)
				ProcessInitializeOnLoadAttributes (123ms)
				ProcessInitializeOnLoadMethodAttributes (56ms)
				AfterProcessingInitializeOnLoad (0ms)
				EditorAssembliesLoaded (0ms)
			ExecutionOrderSort2 (0ms)
			AwakeInstancesAfterBackupRestoration (0ms)
Platform modules already initialized, skipping
Registering precompiled user dll's ...
Registered in 0.011414 seconds.
Begin MonoManager ReloadAssembly
Symbol file LoadedFromMemory doesn't match image C:\Users\Chantal\Desktop\ju\Juego2D\Juego2D\Library\PackageCache\com.unity.visualscripting@1.8.0\Editor\VisualScripting.Core\Dependencies\YamlDotNet\Unity.VisualScripting.YamlDotNet.dll
Symbol file LoadedFromMemory doesn't match image C:\Users\Chantal\Desktop\ju\Juego2D\Juego2D\Library\PackageCache\com.unity.visualscripting@1.8.0\Editor\VisualScripting.Core\Dependencies\DotNetZip\Unity.VisualScripting.IonicZip.dll
Native extension for WindowsStandalone target not found
Native extension for Android target not found
Refreshing native plugins compatible for Editor in 131.31 ms, found 4 plugins.
Preloading 0 native plugins for Editor in 0.00 ms.
Mono: successfully reloaded assembly
- Completed reload, in  1.698 seconds
Domain Reload Profiling:
	ReloadAssembly (1699ms)
		BeginReloadAssembly (138ms)
			ExecutionOrderSort (0ms)
			DisableScriptedObjects (7ms)
			BackupInstance (0ms)
			ReleaseScriptingObjects (0ms)
			CreateAndSetChildDomain (25ms)
		EndReloadAssembly (1399ms)
			LoadAssemblies (111ms)
			RebuildTransferFunctionScriptingTraits (0ms)
			SetupTypeCache (375ms)
			ReleaseScriptCaches (1ms)
			RebuildScriptCaches (93ms)
			SetupLoadedEditorAssemblies (724ms)
				LogAssemblyErrors (0ms)
				InitializePlatformSupportModulesInManaged (21ms)
				SetLoadedEditorAssemblies (0ms)
				RefreshPlugins (131ms)
				BeforeProcessingInitializeOnLoad (149ms)
				ProcessInitializeOnLoadAttributes (346ms)
				ProcessInitializeOnLoadMethodAttributes (64ms)
				AfterProcessingInitializeOnLoad (12ms)
				EditorAssembliesLoaded (0ms)
			ExecutionOrderSort2 (0ms)
			AwakeInstancesAfterBackupRestoration (7ms)
Platform modules already initialized, skipping
========================================================================
Worker process is ready to serve import requests
Launched and connected shader compiler UnityShaderCompiler.exe after 0.09 seconds
Refreshing native plugins compatible for Editor in 0.94 ms, found 4 plugins.
Preloading 0 native plugins for Editor in 0.00 ms.
Unloading 4232 Unused Serialized files (Serialized files now loaded: 0)
Unloading 51 unused Assets / (129.0 KB). Loaded Objects now: 4691.
Memory consumption went from 157.6 MB to 157.5 MB.
Total: 4.504900 ms (FindLiveObjects: 0.462300 ms CreateObjectMapping: 0.385900 ms MarkObjects: 3.536100 ms  DeleteObjects: 0.118700 ms)

AssetImportParameters requested are different than current active one (requested -> active):
  custom:video-decoder-ogg-theora: a1e56fd34408186e4bbccfd4996cb3dc -> 
  custom:container-muxer-webm: aa71ff27fc2769a1b78a27578f13a17b -> 
  custom:container-demuxer-webm: 4f35f7cbe854078d1ac9338744f61a02 -> 
  custom:video-encoder-webm-vp8: eb34c28f22e8b96e1ab97ce403110664 -> 
  custom:audio-encoder-webm-vorbis: bf7c407c2cedff20999df2af8eb42d56 -> 
  custom:framework-win-MediaFoundation: 216162199b28c13a410421893ffa2e32 -> 
  custom:container-demuxer-ogg: 62fdf1f143b41e24485cea50d1cbac27 -> 
  custom:video-decoder-webm-vp8: 9c59270c3fd7afecdb556c50c9e8de78 -> 
  custom:audio-decoder-ogg-vorbis: bf7c407c2cedff20999df2af8eb42d56 -> 
========================================================================
Received Import Request.
  Time since last request: 1711902.718127 seconds.
  path: Assets/Gregor Quendel - Designed Series - Free Cinematic Sound Effects/Gregor Quendel - Designed Rocks - Free Sounds/Gregor Quendel - Designed Rocks - Sequences 02.wav
  artifactKey: Guid(5f63b07e5de15402fbe05380ce130330) Importer(815301076,1909f56bfc062723c751e8b465ee728b)
Start importing Assets/Gregor Quendel - Designed Series - Free Cinematic Sound Effects/Gregor Quendel - Designed Rocks - Free Sounds/Gregor Quendel - Designed Rocks - Sequences 02.wav using Guid(5f63b07e5de15402fbe05380ce130330) Importer(815301076,1909f56bfc062723c751e8b465ee728b)  -> (artifact id: 'a02cd61f07abc1a6eb710d2eace60605') in 0.203504 seconds 
========================================================================
Received Import Request.
  Time since last request: 1.558221 seconds.
  path: Assets/Gregor Quendel - Designed Series - Free Cinematic Sound Effects/Gregor Quendel - Designed Plastic - Free Sounds/Gregor Quendel - Designed Plastic - Elements - Liquid 17.wav
  artifactKey: Guid(820457a42960c4ecaa83337648207efb) Importer(815301076,1909f56bfc062723c751e8b465ee728b)
Start importing Assets/Gregor Quendel - Designed Series - Free Cinematic Sound Effects/Gregor Quendel - Designed Plastic - Free Sounds/Gregor Quendel - Designed Plastic - Elements - Liquid 17.wav using Guid(820457a42960c4ecaa83337648207efb) Importer(815301076,1909f56bfc062723c751e8b465ee728b)  -> (artifact id: '782694a4d8be1ccd468d8d1a5378b1c5') in 0.112584 seconds 
========================================================================
Received Import Request.
  Time since last request: 0.927300 seconds.
  path: Assets/Gregor Quendel - Designed Series - Free Cinematic Sound Effects/Gregor Quendel - Designed Mecha - Free Sounds/Gregor Quendel - Designed Mecha - Elements - Mechanism 01.wav
  artifactKey: Guid(98b35c030dcfa46108039d1c4553a613) Importer(815301076,1909f56bfc062723c751e8b465ee728b)
Start importing Assets/Gregor Quendel - Designed Series - Free Cinematic Sound Effects/Gregor Quendel - Designed Mecha - Free Sounds/Gregor Quendel - Designed Mecha - Elements - Mechanism 01.wav using Guid(98b35c030dcfa46108039d1c4553a613) Importer(815301076,1909f56bfc062723c751e8b465ee728b)  -> (artifact id: '9df48d6877aa21a989ec3a2f94acc282') in 0.027019 seconds 
========================================================================
Received Import Request.
  Time since last request: 2.100329 seconds.
  path: Assets/Gregor Quendel - Designed Series - Free Cinematic Sound Effects/Gregor Quendel - Designed Ice - Free Sounds/Gregor Quendel - Designed Ice - Sequences 02.wav
  artifactKey: Guid(cca79881311ea4cc8ab781158c1982d2) Importer(815301076,1909f56bfc062723c751e8b465ee728b)
Start importing Assets/Gregor Quendel - Designed Series - Free Cinematic Sound Effects/Gregor Quendel - Designed Ice - Free Sounds/Gregor Quendel - Designed Ice - Sequences 02.wav using Guid(cca79881311ea4cc8ab781158c1982d2) Importer(815301076,1909f56bfc062723c751e8b465ee728b)  -> (artifact id: '470c7726b472b59927133c7875f5273f') in 0.033794 seconds 
========================================================================
Received Import Request.
  Time since last request: 156.764306 seconds.
  path: Assets/Shapeforms Audio Free Sound Effects/Arcane Activations Preview/AUDIO/Activate Glyph Forcefield.wav
  artifactKey: Guid(6a55b1210d28e48f9be508821dfab1d3) Importer(815301076,1909f56bfc062723c751e8b465ee728b)
Start importing Assets/Shapeforms Audio Free Sound Effects/Arcane Activations Preview/AUDIO/Activate Glyph Forcefield.wav using Guid(6a55b1210d28e48f9be508821dfab1d3) Importer(815301076,1909f56bfc062723c751e8b465ee728b)  -> (artifact id: '7fc7a21457e4d8262c57607b67257900') in 0.115022 seconds 
========================================================================
Received Import Request.
  Time since last request: 0.000592 seconds.
  path: Assets/Shapeforms Audio Free Sound Effects/Arcane Activations Preview/AUDIO/Arcane Symbol Activate 01.wav
  artifactKey: Guid(aa56a9a240f7f4261b6b3c11198a0b1a) Importer(815301076,1909f56bfc062723c751e8b465ee728b)
Start importing Assets/Shapeforms Audio Free Sound Effects/Arcane Activations Preview/AUDIO/Arcane Symbol Activate 01.wav using Guid(aa56a9a240f7f4261b6b3c11198a0b1a) Importer(815301076,1909f56bfc062723c751e8b465ee728b)  -> (artifact id: '7dd79a7680b282bb75a687ed711e852c') in 0.080962 seconds 
========================================================================
Received Import Request.
  Time since last request: 0.000039 seconds.
  path: Assets/Shapeforms Audio Free Sound Effects/Arcane Activations Preview/AUDIO/Rotate Stone 03.wav
  artifactKey: Guid(08dde6b3ac64048ec880a15d0913455f) Importer(815301076,1909f56bfc062723c751e8b465ee728b)
Start importing Assets/Shapeforms Audio Free Sound Effects/Arcane Activations Preview/AUDIO/Rotate Stone 03.wav using Guid(08dde6b3ac64048ec880a15d0913455f) Importer(815301076,1909f56bfc062723c751e8b465ee728b)  -> (artifact id: 'ace711dad1d2eb3f399921a264e18913') in 0.045699 seconds 
========================================================================
Received Import Request.
  Time since last request: 0.000026 seconds.
  path: Assets/Shapeforms Audio Free Sound Effects/Arcane Activations Preview/AUDIO/Arcane Wind Chime Gust.wav
  artifactKey: Guid(63367252824fa41daa534c6652221269) Importer(815301076,1909f56bfc062723c751e8b465ee728b)
Start importing Assets/Shapeforms Audio Free Sound Effects/Arcane Activations Preview/AUDIO/Arcane Wind Chime Gust.wav using Guid(63367252824fa41daa534c6652221269) Importer(815301076,1909f56bfc062723c751e8b465ee728b)  -> (artifact id: '3439bb0ae7eab710f45ab590e46522c2') in 0.032736 seconds 
========================================================================
Received Import Request.
  Time since last request: 23.536792 seconds.
  path: Assets/Shapeforms Audio Free Sound Effects/Cassette Preview/AUDIO/BUTTON_05.wav
  artifactKey: Guid(f9390048cef5143fab5373e6dd3c429e) Importer(815301076,1909f56bfc062723c751e8b465ee728b)
Start importing Assets/Shapeforms Audio Free Sound Effects/Cassette Preview/AUDIO/BUTTON_05.wav using Guid(f9390048cef5143fab5373e6dd3c429e) Importer(815301076,1909f56bfc062723c751e8b465ee728b)  -> (artifact id: 'ee268ad4ca7f9434be0549c94ce2cfac') in 0.030410 seconds 
========================================================================
Received Import Request.
  Time since last request: 0.000030 seconds.
  path: Assets/Shapeforms Audio Free Sound Effects/Cassette Preview/AUDIO/FAST_FORWARD_LOOP_02.wav
  artifactKey: Guid(846a3cecc85184967834e9df7b344754) Importer(815301076,1909f56bfc062723c751e8b465ee728b)
Start importing Assets/Shapeforms Audio Free Sound Effects/Cassette Preview/AUDIO/FAST_FORWARD_LOOP_02.wav using Guid(846a3cecc85184967834e9df7b344754) Importer(815301076,1909f56bfc062723c751e8b465ee728b)  -> (artifact id: '82556097ad662686a695e8955a197b88') in 0.034957 seconds 
========================================================================
Received Import Request.
  Time since last request: 0.002972 seconds.
  path: Assets/Shapeforms Audio Free Sound Effects/Cassette Preview/AUDIO/SLOW DOWN SPEED UP_05.wav
  artifactKey: Guid(4872c3adf623846bd9f78507d9690a56) Importer(815301076,1909f56bfc062723c751e8b465ee728b)
Start importing Assets/Shapeforms Audio Free Sound Effects/Cassette Preview/AUDIO/SLOW DOWN SPEED UP_05.wav using Guid(4872c3adf623846bd9f78507d9690a56) Importer(815301076,1909f56bfc062723c751e8b465ee728b)  -> (artifact id: '4ba71d7d662bb74663b61f7b8b661d0a') in 0.024933 seconds 
========================================================================
Received Import Request.
  Time since last request: 0.002451 seconds.
  path: Assets/Shapeforms Audio Free Sound Effects/Cassette Preview/AUDIO/REWIND_FAST_FORWARD_09.wav
  artifactKey: Guid(d8e27b2312aff4681875d54cadb4820a) Importer(815301076,1909f56bfc062723c751e8b465ee728b)
Start importing Assets/Shapeforms Audio Free Sound Effects/Cassette Preview/AUDIO/REWIND_FAST_FORWARD_09.wav using Guid(d8e27b2312aff4681875d54cadb4820a) Importer(815301076,1909f56bfc062723c751e8b465ee728b)  -> (artifact id: '30f8260296d737f1ce0426bd10a91ee7') in 0.036255 seconds 
========================================================================
Received Import Request.
  Time since last request: 0.000029 seconds.
  path: Assets/Shapeforms Audio Free Sound Effects/Cassette Preview/AUDIO/TAPE_NOISE_01.wav
  artifactKey: Guid(2e29faeacabe6430994cf7fb71c830a3) Importer(815301076,1909f56bfc062723c751e8b465ee728b)
Start importing Assets/Shapeforms Audio Free Sound Effects/Cassette Preview/AUDIO/TAPE_NOISE_01.wav using Guid(2e29faeacabe6430994cf7fb71c830a3) Importer(815301076,1909f56bfc062723c751e8b465ee728b)  -> (artifact id: '2332c22c5d419f41676406476eed209d') in 0.019764 seconds 
========================================================================
Received Import Request.
  Time since last request: 0.000027 seconds.
  path: Assets/Shapeforms Audio Free Sound Effects/Cassette Preview/AUDIO/CASSETTE_RATTLE_20.wav
  artifactKey: Guid(8db5629cc770f4cb9a8dbf720fadb6bb) Importer(815301076,1909f56bfc062723c751e8b465ee728b)
Start importing Assets/Shapeforms Audio Free Sound Effects/Cassette Preview/AUDIO/CASSETTE_RATTLE_20.wav using Guid(8db5629cc770f4cb9a8dbf720fadb6bb) Importer(815301076,1909f56bfc062723c751e8b465ee728b)  -> (artifact id: 'a1aa0ec1695f1672a186742887d14b1d') in 0.068978 seconds 
========================================================================
Received Import Request.
  Time since last request: 0.000282 seconds.
  path: Assets/Shapeforms Audio Free Sound Effects/Cassette Preview/AUDIO/LOOP_01.wav
  artifactKey: Guid(1d2f819522b894766ac9c4323f9d79ac) Importer(815301076,1909f56bfc062723c751e8b465ee728b)
Start importing Assets/Shapeforms Audio Free Sound Effects/Cassette Preview/AUDIO/LOOP_01.wav using Guid(1d2f819522b894766ac9c4323f9d79ac) Importer(815301076,1909f56bfc062723c751e8b465ee728b)  -> (artifact id: '23f0fe9b28811fe678cb475a16a4698f') in 0.020073 seconds 
========================================================================
Received Import Request.
  Time since last request: 0.000032 seconds.
  path: Assets/Shapeforms Audio Free Sound Effects/Cassette Preview/AUDIO/LOAD_CASSETTE_08.wav
  artifactKey: Guid(0ae4a20a1902842349712242a032c8ab) Importer(815301076,1909f56bfc062723c751e8b465ee728b)
Start importing Assets/Shapeforms Audio Free Sound Effects/Cassette Preview/AUDIO/LOAD_CASSETTE_08.wav using Guid(0ae4a20a1902842349712242a032c8ab) Importer(815301076,1909f56bfc062723c751e8b465ee728b)  -> (artifact id: '8f609b198fbd9e7c7ed3f51f407383c6') in 0.063649 seconds 
========================================================================
Received Import Request.
  Time since last request: 18.354329 seconds.
  path: Assets/Shapeforms Audio Free Sound Effects/Dystopia – Ambience and Drone Preview/AUDIO/AMBIENCE_SIGNAL_LOOP.wav
  artifactKey: Guid(c47edbdb9091d44adb2992d743c34909) Importer(815301076,1909f56bfc062723c751e8b465ee728b)
Start importing Assets/Shapeforms Audio Free Sound Effects/Dystopia – Ambience and Drone Preview/AUDIO/AMBIENCE_SIGNAL_LOOP.wav using Guid(c47edbdb9091d44adb2992d743c34909) Importer(815301076,1909f56bfc062723c751e8b465ee728b)  -> (artifact id: '5fc4b9df988289140b397fb08d1bd9b5') in 0.035527 seconds 
========================================================================
Received Import Request.
  Time since last request: 0.000036 seconds.
  path: Assets/Shapeforms Audio Free Sound Effects/Dystopia – Ambience and Drone Preview/AUDIO/ONE_SHOT_CINEMATIC_EFFECT_10.wav
  artifactKey: Guid(149caefbcaf1d4cefaad17d5e77a3b18) Importer(815301076,1909f56bfc062723c751e8b465ee728b)
Start importing Assets/Shapeforms Audio Free Sound Effects/Dystopia – Ambience and Drone Preview/AUDIO/ONE_SHOT_CINEMATIC_EFFECT_10.wav using Guid(149caefbcaf1d4cefaad17d5e77a3b18) Importer(815301076,1909f56bfc062723c751e8b465ee728b)  -> (artifact id: '44bed3b99d9b10b724a9397261b66aea') in 0.086703 seconds 
========================================================================
Received Import Request.
  Time since last request: 0.000301 seconds.
  path: Assets/Shapeforms Audio Free Sound Effects/Dystopia – Ambience and Drone Preview/AUDIO/AMBIENCE_TUNNEL_WIND_LOOP.wav
  artifactKey: Guid(f2183a39c3aa24cb9b21f5e581adaf3a) Importer(815301076,1909f56bfc062723c751e8b465ee728b)
Start importing Assets/Shapeforms Audio Free Sound Effects/Dystopia – Ambience and Drone Preview/AUDIO/AMBIENCE_TUNNEL_WIND_LOOP.wav using Guid(f2183a39c3aa24cb9b21f5e581adaf3a) Importer(815301076,1909f56bfc062723c751e8b465ee728b)  -> (artifact id: 'eca68b4b4e80e09b37d6385708460e34') in 0.033730 seconds 
========================================================================
Received Import Request.
  Time since last request: 7.973474 seconds.
  path: Assets/Shapeforms Audio Free Sound Effects/Hit and Punch Preview/AUDIO/HIGH_SNAP_02.wav
  artifactKey: Guid(7c59ead1c0a254004bc52e663fd40aa4) Importer(815301076,1909f56bfc062723c751e8b465ee728b)
Start importing Assets/Shapeforms Audio Free Sound Effects/Hit and Punch Preview/AUDIO/HIGH_SNAP_02.wav using Guid(7c59ead1c0a254004bc52e663fd40aa4) Importer(815301076,1909f56bfc062723c751e8b465ee728b)  -> (artifact id: '3d61299a63fdde4f4eb8bbc1501ca6d8') in 0.050147 seconds 
========================================================================
Received Import Request.
  Time since last request: 0.000094 seconds.
  path: Assets/Shapeforms Audio Free Sound Effects/Hit and Punch Preview/AUDIO/PUNCH_CLEAN_HEAVY_10.wav
  artifactKey: Guid(d7da440ad4f6c4e7489efd85844988d8) Importer(815301076,1909f56bfc062723c751e8b465ee728b)
Start importing Assets/Shapeforms Audio Free Sound Effects/Hit and Punch Preview/AUDIO/PUNCH_CLEAN_HEAVY_10.wav using Guid(d7da440ad4f6c4e7489efd85844988d8) Importer(815301076,1909f56bfc062723c751e8b465ee728b)  -> (artifact id: 'c8116faa46f2fce2dd766af2ba2d963d') in 0.081945 seconds 
========================================================================
Received Import Request.
  Time since last request: 0.000321 seconds.
  path: Assets/Shapeforms Audio Free Sound Effects/Hit and Punch Preview/AUDIO/PUNCH_PERCUSSIVE_HEAVY_09.wav
  artifactKey: Guid(8d745b333dbb6440e9da37b96b264e3a) Importer(815301076,1909f56bfc062723c751e8b465ee728b)
Start importing Assets/Shapeforms Audio Free Sound Effects/Hit and Punch Preview/AUDIO/PUNCH_PERCUSSIVE_HEAVY_09.wav using Guid(8d745b333dbb6440e9da37b96b264e3a) Importer(815301076,1909f56bfc062723c751e8b465ee728b)  -> (artifact id: '411d698c4b2fc3e0402a37c7d30e8b50') in 0.050101 seconds 
========================================================================
Received Import Request.
  Time since last request: 0.000033 seconds.
  path: Assets/Shapeforms Audio Free Sound Effects/Hit and Punch Preview/AUDIO/PUNCH_ELECTRIC_HEAVY_05.wav
  artifactKey: Guid(f65b2671e8e2e47b1939dd5831760196) Importer(815301076,1909f56bfc062723c751e8b465ee728b)
Start importing Assets/Shapeforms Audio Free Sound Effects/Hit and Punch Preview/AUDIO/PUNCH_ELECTRIC_HEAVY_05.wav using Guid(f65b2671e8e2e47b1939dd5831760196) Importer(815301076,1909f56bfc062723c751e8b465ee728b)  -> (artifact id: 'e514b5802f0f410317eccd802198bb2c') in 0.038612 seconds 
========================================================================
Received Import Request.
  Time since last request: 0.000042 seconds.
  path: Assets/Shapeforms Audio Free Sound Effects/Hit and Punch Preview/AUDIO/WHOOSH_AIRY_FLUTTER_01.wav
  artifactKey: Guid(23521bf6cf1e34f51ba1a86ec9553326) Importer(815301076,1909f56bfc062723c751e8b465ee728b)
Start importing Assets/Shapeforms Audio Free Sound Effects/Hit and Punch Preview/AUDIO/WHOOSH_AIRY_FLUTTER_01.wav using Guid(23521bf6cf1e34f51ba1a86ec9553326) Importer(815301076,1909f56bfc062723c751e8b465ee728b)  -> (artifact id: '5a1b02c6c8c625965752fbe72260a71f') in 0.080593 seconds 
========================================================================
Received Import Request.
  Time since last request: 16.205116 seconds.
  path: Assets/Shapeforms Audio Free Sound Effects/Sci Fi Weapons Cyberpunk Arsenal Preview/AUDIO/BEEP_Targeting Loop_06.wav
  artifactKey: Guid(b878334bbc55e4e94abc0354bc2f2838) Importer(815301076,1909f56bfc062723c751e8b465ee728b)
Start importing Assets/Shapeforms Audio Free Sound Effects/Sci Fi Weapons Cyberpunk Arsenal Preview/AUDIO/BEEP_Targeting Loop_06.wav using Guid(b878334bbc55e4e94abc0354bc2f2838) Importer(815301076,1909f56bfc062723c751e8b465ee728b)  -> (artifact id: 'bc88485fd536fc02865b94ee990ac96d') in 0.020924 seconds 
========================================================================
Received Import Request.
  Time since last request: 0.000040 seconds.
  path: Assets/Shapeforms Audio Free Sound Effects/Sci Fi Weapons Cyberpunk Arsenal Preview/AUDIO/GUNMech_Insert Clip_04.wav
  artifactKey: Guid(552e1ee9826bb42fe83505a9defb673d) Importer(815301076,1909f56bfc062723c751e8b465ee728b)
Start importing Assets/Shapeforms Audio Free Sound Effects/Sci Fi Weapons Cyberpunk Arsenal Preview/AUDIO/GUNMech_Insert Clip_04.wav using Guid(552e1ee9826bb42fe83505a9defb673d) Importer(815301076,1909f56bfc062723c751e8b465ee728b)  -> (artifact id: 'd1e90972258023cac4bbb076f122f7a5') in 0.037094 seconds 
========================================================================
Received Import Request.
  Time since last request: 0.000055 seconds.
  path: Assets/Shapeforms Audio Free Sound Effects/Sci Fi Weapons Cyberpunk Arsenal Preview/AUDIO/LASRGun_Alien Handgun Burst_03.wav
  artifactKey: Guid(7eb957ad4a8624c1690dd32b27bcf2a9) Importer(815301076,1909f56bfc062723c751e8b465ee728b)
Start importing Assets/Shapeforms Audio Free Sound Effects/Sci Fi Weapons Cyberpunk Arsenal Preview/AUDIO/LASRGun_Alien Handgun Burst_03.wav using Guid(7eb957ad4a8624c1690dd32b27bcf2a9) Importer(815301076,1909f56bfc062723c751e8b465ee728b)  -> (artifact id: 'c8591f1448fbe2530b7bdc85de7e88c1') in 0.059565 seconds 
========================================================================
Received Import Request.
  Time since last request: 0.000029 seconds.
  path: Assets/Shapeforms Audio Free Sound Effects/Sci Fi Weapons Cyberpunk Arsenal Preview/AUDIO/GUNAuto_Assault Rifle A Fire_01.wav
  artifactKey: Guid(e5f0a762c652f4065a1238d2febd38c6) Importer(815301076,1909f56bfc062723c751e8b465ee728b)
Start importing Assets/Shapeforms Audio Free Sound Effects/Sci Fi Weapons Cyberpunk Arsenal Preview/AUDIO/GUNAuto_Assault Rifle A Fire_01.wav using Guid(e5f0a762c652f4065a1238d2febd38c6) Importer(815301076,1909f56bfc062723c751e8b465ee728b)  -> (artifact id: 'd82d1ad21b54c92613938707b580df7c') in 0.065883 seconds 
========================================================================
Received Import Request.
  Time since last request: 0.000091 seconds.
  path: Assets/Shapeforms Audio Free Sound Effects/Sci Fi Weapons Cyberpunk Arsenal Preview/AUDIO/GUNAuto_Assault Rifle D Burst_05.wav
  artifactKey: Guid(716300b5477724dba8bfa26038ecafd3) Importer(815301076,1909f56bfc062723c751e8b465ee728b)
Start importing Assets/Shapeforms Audio Free Sound Effects/Sci Fi Weapons Cyberpunk Arsenal Preview/AUDIO/GUNAuto_Assault Rifle D Burst_05.wav using Guid(716300b5477724dba8bfa26038ecafd3) Importer(815301076,1909f56bfc062723c751e8b465ee728b)  -> (artifact id: '6f623ccf3b5ce73559893e6e83272e98') in 0.043845 seconds 
========================================================================
Received Import Request.
  Time since last request: 0.002270 seconds.
  path: Assets/Shapeforms Audio Free Sound Effects/Sci Fi Weapons Cyberpunk Arsenal Preview/AUDIO/GUNAuto_Sci Fi Shotgun Burst_03.wav
  artifactKey: Guid(605b56ec45cac44ca9e89ab50b38880d) Importer(815301076,1909f56bfc062723c751e8b465ee728b)
Start importing Assets/Shapeforms Audio Free Sound Effects/Sci Fi Weapons Cyberpunk Arsenal Preview/AUDIO/GUNAuto_Sci Fi Shotgun Burst_03.wav using Guid(605b56ec45cac44ca9e89ab50b38880d) Importer(815301076,1909f56bfc062723c751e8b465ee728b)  -> (artifact id: '1cc32581154854043d943a78b4f472d9') in 0.060281 seconds 
========================================================================
Received Import Request.
  Time since last request: 0.000029 seconds.
  path: Assets/Shapeforms Audio Free Sound Effects/Sci Fi Weapons Cyberpunk Arsenal Preview/AUDIO/GORESplt_Giblet Splatter_02.wav
  artifactKey: Guid(e2ef13590109348d19c2566f7381c2f5) Importer(815301076,1909f56bfc062723c751e8b465ee728b)
Start importing Assets/Shapeforms Audio Free Sound Effects/Sci Fi Weapons Cyberpunk Arsenal Preview/AUDIO/GORESplt_Giblet Splatter_02.wav using Guid(e2ef13590109348d19c2566f7381c2f5) Importer(815301076,1909f56bfc062723c751e8b465ee728b)  -> (artifact id: '26dc5152e3f57db64ea06a4f26b07ba5') in 0.058612 seconds 
========================================================================
Received Import Request.
  Time since last request: 0.002467 seconds.
  path: Assets/Shapeforms Audio Free Sound Effects/Sci Fi Weapons Cyberpunk Arsenal Preview/AUDIO/BLLTImpt_Hit Marker_07.wav
  artifactKey: Guid(07e17c040baac49bfbab34e436244b01) Importer(815301076,1909f56bfc062723c751e8b465ee728b)
Start importing Assets/Shapeforms Audio Free Sound Effects/Sci Fi Weapons Cyberpunk Arsenal Preview/AUDIO/BLLTImpt_Hit Marker_07.wav using Guid(07e17c040baac49bfbab34e436244b01) Importer(815301076,1909f56bfc062723c751e8b465ee728b)  -> (artifact id: '0dca18e4f06adb6d76f8b9d95360bd24') in 0.064037 seconds 
========================================================================
Received Import Request.
  Time since last request: 0.000332 seconds.
  path: Assets/Shapeforms Audio Free Sound Effects/Sci Fi Weapons Cyberpunk Arsenal Preview/AUDIO/EXPLDsgn_Implode_15.wav
  artifactKey: Guid(bca37a64604704def8659e7c2769936d) Importer(815301076,1909f56bfc062723c751e8b465ee728b)
Start importing Assets/Shapeforms Audio Free Sound Effects/Sci Fi Weapons Cyberpunk Arsenal Preview/AUDIO/EXPLDsgn_Implode_15.wav using Guid(bca37a64604704def8659e7c2769936d) Importer(815301076,1909f56bfc062723c751e8b465ee728b)  -> (artifact id: '3f861e15d4437d6220cd5d207aacffe2') in 0.051724 seconds 
========================================================================
Received Import Request.
  Time since last request: 0.000034 seconds.
  path: Assets/Shapeforms Audio Free Sound Effects/Sci Fi Weapons Cyberpunk Arsenal Preview/AUDIO/GUNMech_Arm Weapon Rattle_10.wav
  artifactKey: Guid(270e84d37dc0c4999977a731e70cba50) Importer(815301076,1909f56bfc062723c751e8b465ee728b)
Start importing Assets/Shapeforms Audio Free Sound Effects/Sci Fi Weapons Cyberpunk Arsenal Preview/AUDIO/GUNMech_Arm Weapon Rattle_10.wav using Guid(270e84d37dc0c4999977a731e70cba50) Importer(815301076,1909f56bfc062723c751e8b465ee728b)  -> (artifact id: '4af19dbc6c10c53aec5794426cc92026') in 0.075201 seconds 
========================================================================
Received Import Request.
  Time since last request: 5.361944 seconds.
  path: Assets/Shapeforms Audio Free Sound Effects/Sci Fi Weapons Cyberpunk Arsenal Preview/AUDIO/LASRGun_Electron Impeller Charged Fire_02.wav
  artifactKey: Guid(46e4002e4b6074361a58bbd232a2cfd5) Importer(815301076,1909f56bfc062723c751e8b465ee728b)
Start importing Assets/Shapeforms Audio Free Sound Effects/Sci Fi Weapons Cyberpunk Arsenal Preview/AUDIO/LASRGun_Electron Impeller Charged Fire_02.wav using Guid(46e4002e4b6074361a58bbd232a2cfd5) Importer(815301076,1909f56bfc062723c751e8b465ee728b)  -> (artifact id: 'e572381d36e98b535de429157e9c5c85') in 0.039510 seconds 
========================================================================
Received Import Request.
  Time since last request: 0.000041 seconds.
  path: Assets/Shapeforms Audio Free Sound Effects/Sci Fi Weapons Cyberpunk Arsenal Preview/AUDIO/MOTRSrvo_Plasma Rifle Arm_01.wav
  artifactKey: Guid(006910ae2cc6e426c9797a60920c1243) Importer(815301076,1909f56bfc062723c751e8b465ee728b)
Start importing Assets/Shapeforms Audio Free Sound Effects/Sci Fi Weapons Cyberpunk Arsenal Preview/AUDIO/MOTRSrvo_Plasma Rifle Arm_01.wav using Guid(006910ae2cc6e426c9797a60920c1243) Importer(815301076,1909f56bfc062723c751e8b465ee728b)  -> (artifact id: '13883b815c58abc780d0fd02a409a2f8') in 0.044606 seconds 
========================================================================
Received Import Request.
  Time since last request: 0.000038 seconds.
  path: Assets/Shapeforms Audio Free Sound Effects/Sci Fi Weapons Cyberpunk Arsenal Preview/AUDIO/LIQImpt_Goo Splatter_09.wav
  artifactKey: Guid(a245ac773194142cfa12c21de3e0980b) Importer(815301076,1909f56bfc062723c751e8b465ee728b)
Start importing Assets/Shapeforms Audio Free Sound Effects/Sci Fi Weapons Cyberpunk Arsenal Preview/AUDIO/LIQImpt_Goo Splatter_09.wav using Guid(a245ac773194142cfa12c21de3e0980b) Importer(815301076,1909f56bfc062723c751e8b465ee728b)  -> (artifact id: 'ac19af18e2a9fc79e21bf4b178ca3948') in 0.072340 seconds 
========================================================================
Received Import Request.
  Time since last request: 0.000041 seconds.
  path: Assets/Shapeforms Audio Free Sound Effects/Sci Fi Weapons Cyberpunk Arsenal Preview/AUDIO/SCIEnrg_Shield Activate Deactivate_02.wav
  artifactKey: Guid(b3f498961b9bd47e29973abf7e1bce2a) Importer(815301076,1909f56bfc062723c751e8b465ee728b)
Start importing Assets/Shapeforms Audio Free Sound Effects/Sci Fi Weapons Cyberpunk Arsenal Preview/AUDIO/SCIEnrg_Shield Activate Deactivate_02.wav using Guid(b3f498961b9bd47e29973abf7e1bce2a) Importer(815301076,1909f56bfc062723c751e8b465ee728b)  -> (artifact id: 'eb6456d77e729c470648d7c252c927f8') in 0.032203 seconds 
========================================================================
Received Import Request.
  Time since last request: 0.000051 seconds.
  path: Assets/Shapeforms Audio Free Sound Effects/Sci Fi Weapons Cyberpunk Arsenal Preview/AUDIO/SCIMisc_Arm Weapon Heavy_01.wav
  artifactKey: Guid(a1e03f0a0492b425a95c51529467e09d) Importer(815301076,1909f56bfc062723c751e8b465ee728b)
Start importing Assets/Shapeforms Audio Free Sound Effects/Sci Fi Weapons Cyberpunk Arsenal Preview/AUDIO/SCIMisc_Arm Weapon Heavy_01.wav using Guid(a1e03f0a0492b425a95c51529467e09d) Importer(815301076,1909f56bfc062723c751e8b465ee728b)  -> (artifact id: '8e57276005abe6f9230ff4ee18a79d4b') in 0.044640 seconds 
========================================================================
Received Import Request.
  Time since last request: 3.839296 seconds.
  path: Assets/Shapeforms Audio Free Sound Effects/The Mint – Coins and Money Preview/AUDIO/Coin Counter Loop 01.wav
  artifactKey: Guid(3f2de09c214014b14a31aadb69efa78d) Importer(815301076,1909f56bfc062723c751e8b465ee728b)
Start importing Assets/Shapeforms Audio Free Sound Effects/The Mint – Coins and Money Preview/AUDIO/Coin Counter Loop 01.wav using Guid(3f2de09c214014b14a31aadb69efa78d) Importer(815301076,1909f56bfc062723c751e8b465ee728b)  -> (artifact id: '60e6ff86aa4103bcac3eb0285112dfdc') in 0.040714 seconds 
========================================================================
Received Import Request.
  Time since last request: 0.000042 seconds.
  path: Assets/Shapeforms Audio Free Sound Effects/The Mint – Coins and Money Preview/AUDIO/Receipt Handled 03.wav
  artifactKey: Guid(a70f4e4e209224b179568f3592318309) Importer(815301076,1909f56bfc062723c751e8b465ee728b)
Start importing Assets/Shapeforms Audio Free Sound Effects/The Mint – Coins and Money Preview/AUDIO/Receipt Handled 03.wav using Guid(a70f4e4e209224b179568f3592318309) Importer(815301076,1909f56bfc062723c751e8b465ee728b)  -> (artifact id: '759e6073297003d5638a2d26eadfa06e') in 0.063448 seconds 
========================================================================
Received Import Request.
  Time since last request: 0.000050 seconds.
  path: Assets/Shapeforms Audio Free Sound Effects/The Mint – Coins and Money Preview/AUDIO/Coins_Bottlecaps_Drop.wav
  artifactKey: Guid(0bd478282216943d298e9b5dc2f94fc3) Importer(815301076,1909f56bfc062723c751e8b465ee728b)
Start importing Assets/Shapeforms Audio Free Sound Effects/The Mint – Coins and Money Preview/AUDIO/Coins_Bottlecaps_Drop.wav using Guid(0bd478282216943d298e9b5dc2f94fc3) Importer(815301076,1909f56bfc062723c751e8b465ee728b)  -> (artifact id: '5e618231672d5d018759c8f106abb6c7') in 0.070966 seconds 
========================================================================
Received Import Request.
  Time since last request: 0.000144 seconds.
  path: Assets/Shapeforms Audio Free Sound Effects/The Mint – Coins and Money Preview/AUDIO/Coins in Sack Dropped on Soft Surface.wav
  artifactKey: Guid(19a5b18b079f844bba783a9ec5f32efa) Importer(815301076,1909f56bfc062723c751e8b465ee728b)
Start importing Assets/Shapeforms Audio Free Sound Effects/The Mint – Coins and Money Preview/AUDIO/Coins in Sack Dropped on Soft Surface.wav using Guid(19a5b18b079f844bba783a9ec5f32efa) Importer(815301076,1909f56bfc062723c751e8b465ee728b)  -> (artifact id: '83e9e8514bc79f78671c0a5d76597c74') in 0.026519 seconds 
========================================================================
Received Import Request.
  Time since last request: 11.220149 seconds.
  path: Assets/Shapeforms Audio Free Sound Effects/Type Preview/AUDIO/Laptop_Brush Keyboard_12.wav
  artifactKey: Guid(92f3c515d69bb401796ca7ecf47f1e33) Importer(815301076,1909f56bfc062723c751e8b465ee728b)
Start importing Assets/Shapeforms Audio Free Sound Effects/Type Preview/AUDIO/Laptop_Brush Keyboard_12.wav using Guid(92f3c515d69bb401796ca7ecf47f1e33) Importer(815301076,1909f56bfc062723c751e8b465ee728b)  -> (artifact id: '5427b595bdc12d3d53406279545587e1') in 0.050979 seconds 
========================================================================
Received Import Request.
  Time since last request: 0.000054 seconds.
  path: Assets/Shapeforms Audio Free Sound Effects/Type Preview/AUDIO/Laptop_Typing Short_04.wav
  artifactKey: Guid(ecb6b75926c00465ab064c948ce2f498) Importer(815301076,1909f56bfc062723c751e8b465ee728b)
Start importing Assets/Shapeforms Audio Free Sound Effects/Type Preview/AUDIO/Laptop_Typing Short_04.wav using Guid(ecb6b75926c00465ab064c948ce2f498) Importer(815301076,1909f56bfc062723c751e8b465ee728b)  -> (artifact id: '4f78a3cfb2a46c65c280d33a8c002f32') in 0.040765 seconds 
========================================================================
Received Import Request.
  Time since last request: 0.000080 seconds.
  path: Assets/Shapeforms Audio Free Sound Effects/Type Preview/AUDIO/PC Keyboard_Spacebar_06.wav
  artifactKey: Guid(71c6753fe8fe44143b7e638fc5f6b541) Importer(815301076,1909f56bfc062723c751e8b465ee728b)
Start importing Assets/Shapeforms Audio Free Sound Effects/Type Preview/AUDIO/PC Keyboard_Spacebar_06.wav using Guid(71c6753fe8fe44143b7e638fc5f6b541) Importer(815301076,1909f56bfc062723c751e8b465ee728b)  -> (artifact id: '6145d899a94bb331a8a30cf548123dd6') in 0.051378 seconds 
========================================================================
Received Import Request.
  Time since last request: 0.000043 seconds.
  path: Assets/Shapeforms Audio Free Sound Effects/Type Preview/AUDIO/Tablet_Typing_06.wav
  artifactKey: Guid(c5c2fb8b1a9ba4d5caf9e3066768fa47) Importer(815301076,1909f56bfc062723c751e8b465ee728b)
Start importing Assets/Shapeforms Audio Free Sound Effects/Type Preview/AUDIO/Tablet_Typing_06.wav using Guid(c5c2fb8b1a9ba4d5caf9e3066768fa47) Importer(815301076,1909f56bfc062723c751e8b465ee728b)  -> (artifact id: '5aad6216807d4beed1a4773ea9215d2c') in 0.043035 seconds 
========================================================================
Received Prepare
Registering precompiled user dll's ...
Registered in 0.013386 seconds.
Begin MonoManager ReloadAssembly
Symbol file LoadedFromMemory doesn't match image C:\Users\Chantal\Desktop\ju\Juego2D\Juego2D\Library\PackageCache\com.unity.visualscripting@1.8.0\Editor\VisualScripting.Core\Dependencies\YamlDotNet\Unity.VisualScripting.YamlDotNet.dll
Symbol file LoadedFromMemory doesn't match image C:\Users\Chantal\Desktop\ju\Juego2D\Juego2D\Library\PackageCache\com.unity.visualscripting@1.8.0\Editor\VisualScripting.Core\Dependencies\DotNetZip\Unity.VisualScripting.IonicZip.dll
Native extension for WindowsStandalone target not found
Native extension for Android target not found
Refreshing native plugins compatible for Editor in 5.62 ms, found 4 plugins.
Preloading 0 native plugins for Editor in 0.00 ms.
Mono: successfully reloaded assembly
- Completed reload, in  3.433 seconds
Domain Reload Profiling:
	ReloadAssembly (3435ms)
		BeginReloadAssembly (322ms)
			ExecutionOrderSort (0ms)
			DisableScriptedObjects (13ms)
			BackupInstance (0ms)
			ReleaseScriptingObjects (0ms)
			CreateAndSetChildDomain (105ms)
		EndReloadAssembly (2711ms)
			LoadAssemblies (234ms)
			RebuildTransferFunctionScriptingTraits (0ms)
			SetupTypeCache (842ms)
			ReleaseScriptCaches (4ms)
			RebuildScriptCaches (142ms)
			SetupLoadedEditorAssemblies (1231ms)
				LogAssemblyErrors (0ms)
				InitializePlatformSupportModulesInManaged (93ms)
				SetLoadedEditorAssemblies (2ms)
				RefreshPlugins (6ms)
				BeforeProcessingInitializeOnLoad (211ms)
				ProcessInitializeOnLoadAttributes (776ms)
				ProcessInitializeOnLoadMethodAttributes (111ms)
				AfterProcessingInitializeOnLoad (32ms)
				EditorAssembliesLoaded (1ms)
			ExecutionOrderSort2 (0ms)
			AwakeInstancesAfterBackupRestoration (28ms)
Platform modules already initialized, skipping
Refreshing native plugins compatible for Editor in 20.10 ms, found 4 plugins.
Preloading 0 native plugins for Editor in 0.00 ms.
Unloading 4221 Unused Serialized files (Serialized files now loaded: 0)
Unloading 26 unused Assets / (95.3 KB). Loaded Objects now: 4716.
Memory consumption went from 160.9 MB to 160.8 MB.
Total: 8.304800 ms (FindLiveObjects: 1.322000 ms CreateObjectMapping: 0.591900 ms MarkObjects: 6.244000 ms  DeleteObjects: 0.145600 ms)

AssetImportParameters requested are different than current active one (requested -> active):
  custom:video-decoder-ogg-theora: a1e56fd34408186e4bbccfd4996cb3dc -> 
  custom:container-muxer-webm: aa71ff27fc2769a1b78a27578f13a17b -> 
  custom:container-demuxer-webm: 4f35f7cbe854078d1ac9338744f61a02 -> 
  custom:video-encoder-webm-vp8: eb34c28f22e8b96e1ab97ce403110664 -> 
  custom:audio-encoder-webm-vorbis: bf7c407c2cedff20999df2af8eb42d56 -> 
  custom:framework-win-MediaFoundation: 216162199b28c13a410421893ffa2e32 -> 
  custom:container-demuxer-ogg: 62fdf1f143b41e24485cea50d1cbac27 -> 
  custom:video-decoder-webm-vp8: 9c59270c3fd7afecdb556c50c9e8de78 -> 
  custom:audio-decoder-ogg-vorbis: bf7c407c2cedff20999df2af8eb42d56 -> 
========================================================================
Received Prepare
Registering precompiled user dll's ...
Registered in 0.011325 seconds.
Begin MonoManager ReloadAssembly
Symbol file LoadedFromMemory doesn't match image C:\Users\Chantal\Desktop\ju\Juego2D\Juego2D\Library\PackageCache\com.unity.visualscripting@1.8.0\Editor\VisualScripting.Core\Dependencies\YamlDotNet\Unity.VisualScripting.YamlDotNet.dll
Symbol file LoadedFromMemory doesn't match image C:\Users\Chantal\Desktop\ju\Juego2D\Juego2D\Library\PackageCache\com.unity.visualscripting@1.8.0\Editor\VisualScripting.Core\Dependencies\DotNetZip\Unity.VisualScripting.IonicZip.dll
Native extension for WindowsStandalone target not found
Native extension for Android target not found
Refreshing native plugins compatible for Editor in 1.93 ms, found 4 plugins.
Preloading 0 native plugins for Editor in 0.00 ms.
Mono: successfully reloaded assembly
- Completed reload, in  2.672 seconds
Domain Reload Profiling:
	ReloadAssembly (2682ms)
		BeginReloadAssembly (237ms)
			ExecutionOrderSort (0ms)
			DisableScriptedObjects (14ms)
			BackupInstance (0ms)
			ReleaseScriptingObjects (0ms)
			CreateAndSetChildDomain (72ms)
		EndReloadAssembly (2229ms)
			LoadAssemblies (160ms)
			RebuildTransferFunctionScriptingTraits (0ms)
			SetupTypeCache (477ms)
			ReleaseScriptCaches (3ms)
			RebuildScriptCaches (266ms)
			SetupLoadedEditorAssemblies (1049ms)
				LogAssemblyErrors (0ms)
				InitializePlatformSupportModulesInManaged (64ms)
				SetLoadedEditorAssemblies (1ms)
				RefreshPlugins (2ms)
				BeforeProcessingInitializeOnLoad (193ms)
				ProcessInitializeOnLoadAttributes (679ms)
				ProcessInitializeOnLoadMethodAttributes (89ms)
				AfterProcessingInitializeOnLoad (21ms)
				EditorAssembliesLoaded (0ms)
			ExecutionOrderSort2 (0ms)
			AwakeInstancesAfterBackupRestoration (20ms)
Platform modules already initialized, skipping
Refreshing native plugins compatible for Editor in 8.71 ms, found 4 plugins.
Preloading 0 native plugins for Editor in 0.00 ms.
Unloading 4221 Unused Serialized files (Serialized files now loaded: 0)
Unloading 26 unused Assets / (95.3 KB). Loaded Objects now: 4731.
Memory consumption went from 160.9 MB to 160.8 MB.
Total: 4.931800 ms (FindLiveObjects: 0.442100 ms CreateObjectMapping: 0.399700 ms MarkObjects: 4.042100 ms  DeleteObjects: 0.046500 ms)

AssetImportParameters requested are different than current active one (requested -> active):
  custom:video-decoder-ogg-theora: a1e56fd34408186e4bbccfd4996cb3dc -> 
  custom:container-muxer-webm: aa71ff27fc2769a1b78a27578f13a17b -> 
  custom:container-demuxer-webm: 4f35f7cbe854078d1ac9338744f61a02 -> 
  custom:video-encoder-webm-vp8: eb34c28f22e8b96e1ab97ce403110664 -> 
  custom:audio-encoder-webm-vorbis: bf7c407c2cedff20999df2af8eb42d56 -> 
  custom:framework-win-MediaFoundation: 216162199b28c13a410421893ffa2e32 -> 
  custom:container-demuxer-ogg: 62fdf1f143b41e24485cea50d1cbac27 -> 
  custom:video-decoder-webm-vp8: 9c59270c3fd7afecdb556c50c9e8de78 -> 
  custom:audio-decoder-ogg-vorbis: bf7c407c2cedff20999df2af8eb42d56 -> 
========================================================================
Received Prepare
Registering precompiled user dll's ...
Registered in 0.014268 seconds.
Begin MonoManager ReloadAssembly
Symbol file LoadedFromMemory doesn't match image C:\Users\Chantal\Desktop\ju\Juego2D\Juego2D\Library\PackageCache\com.unity.visualscripting@1.8.0\Editor\VisualScripting.Core\Dependencies\YamlDotNet\Unity.VisualScripting.YamlDotNet.dll
Symbol file LoadedFromMemory doesn't match image C:\Users\Chantal\Desktop\ju\Juego2D\Juego2D\Library\PackageCache\com.unity.visualscripting@1.8.0\Editor\VisualScripting.Core\Dependencies\DotNetZip\Unity.VisualScripting.IonicZip.dll
Native extension for WindowsStandalone target not found
Native extension for Android target not found
Refreshing native plugins compatible for Editor in 0.87 ms, found 4 plugins.
Preloading 0 native plugins for Editor in 0.00 ms.
Mono: successfully reloaded assembly
- Completed reload, in  2.861 seconds
Domain Reload Profiling:
	ReloadAssembly (2863ms)
		BeginReloadAssembly (225ms)
			ExecutionOrderSort (0ms)
			DisableScriptedObjects (13ms)
			BackupInstance (0ms)
			ReleaseScriptingObjects (0ms)
			CreateAndSetChildDomain (62ms)
		EndReloadAssembly (2395ms)
			LoadAssemblies (167ms)
			RebuildTransferFunctionScriptingTraits (0ms)
			SetupTypeCache (760ms)
			ReleaseScriptCaches (2ms)
			RebuildScriptCaches (139ms)
			SetupLoadedEditorAssemblies (1087ms)
				LogAssemblyErrors (0ms)
				InitializePlatformSupportModulesInManaged (66ms)
				SetLoadedEditorAssemblies (1ms)
				RefreshPlugins (1ms)
				BeforeProcessingInitializeOnLoad (211ms)
				ProcessInitializeOnLoadAttributes (671ms)
				ProcessInitializeOnLoadMethodAttributes (119ms)
				AfterProcessingInitializeOnLoad (17ms)
				EditorAssembliesLoaded (1ms)
			ExecutionOrderSort2 (0ms)
			AwakeInstancesAfterBackupRestoration (24ms)
Platform modules already initialized, skipping
Refreshing native plugins compatible for Editor in 5.71 ms, found 4 plugins.
Preloading 0 native plugins for Editor in 0.00 ms.
Unloading 4221 Unused Serialized files (Serialized files now loaded: 0)
Unloading 26 unused Assets / (95.4 KB). Loaded Objects now: 4746.
Memory consumption went from 161.0 MB to 160.9 MB.
Total: 12.424400 ms (FindLiveObjects: 0.436100 ms CreateObjectMapping: 1.185400 ms MarkObjects: 10.680600 ms  DeleteObjects: 0.120800 ms)

AssetImportParameters requested are different than current active one (requested -> active):
  custom:video-decoder-ogg-theora: a1e56fd34408186e4bbccfd4996cb3dc -> 
  custom:container-muxer-webm: aa71ff27fc2769a1b78a27578f13a17b -> 
  custom:container-demuxer-webm: 4f35f7cbe854078d1ac9338744f61a02 -> 
  custom:video-encoder-webm-vp8: eb34c28f22e8b96e1ab97ce403110664 -> 
  custom:audio-encoder-webm-vorbis: bf7c407c2cedff20999df2af8eb42d56 -> 
  custom:framework-win-MediaFoundation: 216162199b28c13a410421893ffa2e32 -> 
  custom:container-demuxer-ogg: 62fdf1f143b41e24485cea50d1cbac27 -> 
  custom:video-decoder-webm-vp8: 9c59270c3fd7afecdb556c50c9e8de78 -> 
  custom:audio-decoder-ogg-vorbis: bf7c407c2cedff20999df2af8eb42d56 -> 
========================================================================
Received Prepare
Registering precompiled user dll's ...
Registered in 0.015494 seconds.
Begin MonoManager ReloadAssembly
Symbol file LoadedFromMemory doesn't match image C:\Users\Chantal\Desktop\ju\Juego2D\Juego2D\Library\PackageCache\com.unity.visualscripting@1.8.0\Editor\VisualScripting.Core\Dependencies\YamlDotNet\Unity.VisualScripting.YamlDotNet.dll
Symbol file LoadedFromMemory doesn't match image C:\Users\Chantal\Desktop\ju\Juego2D\Juego2D\Library\PackageCache\com.unity.visualscripting@1.8.0\Editor\VisualScripting.Core\Dependencies\DotNetZip\Unity.VisualScripting.IonicZip.dll
Native extension for WindowsStandalone target not found
Native extension for Android target not found
Refreshing native plugins compatible for Editor in 1.61 ms, found 4 plugins.
Preloading 0 native plugins for Editor in 0.00 ms.
Mono: successfully reloaded assembly
- Completed reload, in  2.441 seconds
Domain Reload Profiling:
	ReloadAssembly (2442ms)
		BeginReloadAssembly (261ms)
			ExecutionOrderSort (0ms)
			DisableScriptedObjects (13ms)
			BackupInstance (0ms)
			ReleaseScriptingObjects (0ms)
			CreateAndSetChildDomain (91ms)
		EndReloadAssembly (1955ms)
			LoadAssemblies (167ms)
			RebuildTransferFunctionScriptingTraits (0ms)
			SetupTypeCache (499ms)
			ReleaseScriptCaches (4ms)
			RebuildScriptCaches (116ms)
			SetupLoadedEditorAssemblies (1003ms)
				LogAssemblyErrors (0ms)
				InitializePlatformSupportModulesInManaged (46ms)
				SetLoadedEditorAssemblies (1ms)
				RefreshPlugins (2ms)
				BeforeProcessingInitializeOnLoad (156ms)
				ProcessInitializeOnLoadAttributes (713ms)
				ProcessInitializeOnLoadMethodAttributes (70ms)
				AfterProcessingInitializeOnLoad (14ms)
				EditorAssembliesLoaded (0ms)
			ExecutionOrderSort2 (0ms)
			AwakeInstancesAfterBackupRestoration (16ms)
Platform modules already initialized, skipping
Refreshing native plugins compatible for Editor in 2.96 ms, found 4 plugins.
Preloading 0 native plugins for Editor in 0.00 ms.
Unloading 4221 Unused Serialized files (Serialized files now loaded: 0)
Unloading 26 unused Assets / (95.4 KB). Loaded Objects now: 4761.
Memory consumption went from 161.0 MB to 160.9 MB.
Total: 4.390800 ms (FindLiveObjects: 0.481800 ms CreateObjectMapping: 0.476200 ms MarkObjects: 3.385500 ms  DeleteObjects: 0.046000 ms)

AssetImportParameters requested are different than current active one (requested -> active):
  custom:video-decoder-ogg-theora: a1e56fd34408186e4bbccfd4996cb3dc -> 
  custom:container-muxer-webm: aa71ff27fc2769a1b78a27578f13a17b -> 
  custom:container-demuxer-webm: 4f35f7cbe854078d1ac9338744f61a02 -> 
  custom:video-encoder-webm-vp8: eb34c28f22e8b96e1ab97ce403110664 -> 
  custom:audio-encoder-webm-vorbis: bf7c407c2cedff20999df2af8eb42d56 -> 
  custom:framework-win-MediaFoundation: 216162199b28c13a410421893ffa2e32 -> 
  custom:container-demuxer-ogg: 62fdf1f143b41e24485cea50d1cbac27 -> 
  custom:video-decoder-webm-vp8: 9c59270c3fd7afecdb556c50c9e8de78 -> 
  custom:audio-decoder-ogg-vorbis: bf7c407c2cedff20999df2af8eb42d56 -> 
========================================================================
Received Prepare
Registering precompiled user dll's ...
Registered in 0.012295 seconds.
Begin MonoManager ReloadAssembly
Symbol file LoadedFromMemory doesn't match image C:\Users\Chantal\Desktop\ju\Juego2D\Juego2D\Library\PackageCache\com.unity.visualscripting@1.8.0\Editor\VisualScripting.Core\Dependencies\YamlDotNet\Unity.VisualScripting.YamlDotNet.dll
Symbol file LoadedFromMemory doesn't match image C:\Users\Chantal\Desktop\ju\Juego2D\Juego2D\Library\PackageCache\com.unity.visualscripting@1.8.0\Editor\VisualScripting.Core\Dependencies\DotNetZip\Unity.VisualScripting.IonicZip.dll
Native extension for WindowsStandalone target not found
Native extension for Android target not found
Refreshing native plugins compatible for Editor in 2.40 ms, found 4 plugins.
Preloading 0 native plugins for Editor in 0.00 ms.
Mono: successfully reloaded assembly
- Completed reload, in  2.752 seconds
Domain Reload Profiling:
	ReloadAssembly (2753ms)
		BeginReloadAssembly (248ms)
			ExecutionOrderSort (0ms)
			DisableScriptedObjects (10ms)
			BackupInstance (0ms)
			ReleaseScriptingObjects (0ms)
			CreateAndSetChildDomain (75ms)
		EndReloadAssembly (2289ms)
			LoadAssemblies (173ms)
			RebuildTransferFunctionScriptingTraits (0ms)
			SetupTypeCache (762ms)
			ReleaseScriptCaches (2ms)
			RebuildScriptCaches (145ms)
			SetupLoadedEditorAssemblies (1009ms)
				LogAssemblyErrors (0ms)
				InitializePlatformSupportModulesInManaged (117ms)
				SetLoadedEditorAssemblies (1ms)
				RefreshPlugins (3ms)
				BeforeProcessingInitializeOnLoad (216ms)
				ProcessInitializeOnLoadAttributes (562ms)
				ProcessInitializeOnLoadMethodAttributes (90ms)
				AfterProcessingInitializeOnLoad (19ms)
				EditorAssembliesLoaded (1ms)
			ExecutionOrderSort2 (0ms)
			AwakeInstancesAfterBackupRestoration (20ms)
Platform modules already initialized, skipping
Refreshing native plugins compatible for Editor in 5.39 ms, found 4 plugins.
Preloading 0 native plugins for Editor in 0.00 ms.
Unloading 4221 Unused Serialized files (Serialized files now loaded: 0)
Unloading 26 unused Assets / (95.3 KB). Loaded Objects now: 4776.
Memory consumption went from 161.0 MB to 160.9 MB.
Total: 7.371900 ms (FindLiveObjects: 0.445000 ms CreateObjectMapping: 0.435300 ms MarkObjects: 6.418300 ms  DeleteObjects: 0.071600 ms)

AssetImportParameters requested are different than current active one (requested -> active):
  custom:video-decoder-ogg-theora: a1e56fd34408186e4bbccfd4996cb3dc -> 
  custom:container-muxer-webm: aa71ff27fc2769a1b78a27578f13a17b -> 
  custom:container-demuxer-webm: 4f35f7cbe854078d1ac9338744f61a02 -> 
  custom:video-encoder-webm-vp8: eb34c28f22e8b96e1ab97ce403110664 -> 
  custom:audio-encoder-webm-vorbis: bf7c407c2cedff20999df2af8eb42d56 -> 
  custom:framework-win-MediaFoundation: 216162199b28c13a410421893ffa2e32 -> 
  custom:container-demuxer-ogg: 62fdf1f143b41e24485cea50d1cbac27 -> 
  custom:video-decoder-webm-vp8: 9c59270c3fd7afecdb556c50c9e8de78 -> 
  custom:audio-decoder-ogg-vorbis: bf7c407c2cedff20999df2af8eb42d56 -> 
========================================================================
Received Import Request.
  Time since last request: 726.475978 seconds.
  path: Assets/5 Free Electronic Game Songs/Free Game Music Song 2.wav
  artifactKey: Guid(5af3375a981cdd54aa2cfb557365b521) Importer(815301076,1909f56bfc062723c751e8b465ee728b)
Start importing Assets/5 Free Electronic Game Songs/Free Game Music Song 2.wav using Guid(5af3375a981cdd54aa2cfb557365b521) Importer(815301076,1909f56bfc062723c751e8b465ee728b)  -> (artifact id: '95da5c2b237e9715e9ed57d4c0c098cb') in 0.144410 seconds 
========================================================================
Received Import Request.
  Time since last request: 0.000045 seconds.
  path: Assets/5 Free Electronic Game Songs/Free Game Music Song 3.wav
  artifactKey: Guid(7ab3c03bc2c72444aae8932ccc6ca97d) Importer(815301076,1909f56bfc062723c751e8b465ee728b)
Start importing Assets/5 Free Electronic Game Songs/Free Game Music Song 3.wav using Guid(7ab3c03bc2c72444aae8932ccc6ca97d) Importer(815301076,1909f56bfc062723c751e8b465ee728b)  -> (artifact id: '2b1df4c62eb7138007060e0d619189bf') in 0.062301 seconds 
Editor requested this worker to shutdown with reason: Scaling down because of idle timeout
AssetImportWorker is now disconnected from the server
Process exiting
Exiting without the bug reporter. Application will terminate with return code 0